<?xml version="1.0" encoding="UTF-8"?>
<!-- Generated by org.testng.reporters.JUnitXMLReporter -->
<testsuite ignored="2" hostname="MKD-CORP-BCP072" failures="0" tests="2" name="Default test" time="24.156" errors="0" timestamp="2021-06-08T12:56:09 IST">
  <testcase classname="com.cyient.test.LoginTest" name="invalidCredentialTest" time="1.924"/>
  <testcase classname="com.cyient.test.LoginTest" name="invalidCredentialTest" time="2.365"/>
  <testcase classname="com.cyient.test.LoginTest" name="validCredentialTest" time="0.0">
    <ignored/>
  </testcase> <!-- validCredentialTest -->
  <testcase classname="com.cyient.test.LoginTest" name="validUrlTest" time="0.0">
    <ignored/>
  </testcase> <!-- validUrlTest -->
</testsuite> <!-- Default test -->
