<?xml version="1.0" encoding="UTF-8"?>
<testng-results ignored="2" total="4" passed="2" failed="0" skipped="0">
  <reporter-output>
  </reporter-output>
  <suite started-at="2021-06-08T12:55:44 IST" name="Default suite" finished-at="2021-06-08T12:56:09 IST" duration-ms="24156">
    <groups>
    </groups>
    <test started-at="2021-06-08T12:55:44 IST" name="Default test" finished-at="2021-06-08T12:56:09 IST" duration-ms="24156">
      <class name="com.cyient.test.LoginTest">
        <test-method is-config="true" signature="setup()[pri:0, instance:com.cyient.test.LoginTest@4cc8eb05]" started-at="2021-06-08T12:55:44 IST" name="setup" finished-at="2021-06-08T12:55:55 IST" duration-ms="10192" status="PASS">
          <reporter-output>
          </reporter-output>
        </test-method> <!-- setup -->
        <test-method signature="invalidCredentialTest(java.lang.String,java.lang.String,java.lang.String,java.lang.String)[pri:0, instance:com.cyient.test.LoginTest@4cc8eb05]" started-at="2021-06-08T12:55:55 IST" name="invalidCredentialTest" data-provider="invalidData" finished-at="2021-06-08T12:55:57 IST" duration-ms="1924" status="PASS">
          <params>
            <param index="0">
              <value>
                <![CDATA[john]]>
              </value>
            </param>
            <param index="1">
              <value>
                <![CDATA[john]]>
              </value>
            </param>
            <param index="2">
              <value>
                <![CDATA[Dutch]]>
              </value>
            </param>
            <param index="3">
              <value>
                <![CDATA[Invalid username or password]]>
              </value>
            </param>
          </params>
          <reporter-output>
          </reporter-output>
        </test-method> <!-- invalidCredentialTest -->
        <test-method is-config="true" signature="teardown()[pri:0, instance:com.cyient.test.LoginTest@4cc8eb05]" started-at="2021-06-08T12:55:57 IST" name="teardown" finished-at="2021-06-08T12:55:58 IST" duration-ms="1032" status="PASS">
          <reporter-output>
          </reporter-output>
        </test-method> <!-- teardown -->
        <test-method is-config="true" signature="setup()[pri:0, instance:com.cyient.test.LoginTest@4cc8eb05]" started-at="2021-06-08T12:55:58 IST" name="setup" finished-at="2021-06-08T12:56:05 IST" duration-ms="7784" status="PASS">
          <reporter-output>
          </reporter-output>
        </test-method> <!-- setup -->
        <test-method signature="invalidCredentialTest(java.lang.String,java.lang.String,java.lang.String,java.lang.String)[pri:0, instance:com.cyient.test.LoginTest@4cc8eb05]" started-at="2021-06-08T12:56:05 IST" name="invalidCredentialTest" data-provider="invalidData" finished-at="2021-06-08T12:56:08 IST" duration-ms="2365" status="PASS">
          <params>
            <param index="0">
              <value>
                <![CDATA[peter]]>
              </value>
            </param>
            <param index="1">
              <value>
                <![CDATA[peter123]]>
              </value>
            </param>
            <param index="2">
              <value>
                <![CDATA[German]]>
              </value>
            </param>
            <param index="3">
              <value>
                <![CDATA[Invalid username or password]]>
              </value>
            </param>
          </params>
          <reporter-output>
          </reporter-output>
        </test-method> <!-- invalidCredentialTest -->
        <test-method is-config="true" signature="teardown()[pri:0, instance:com.cyient.test.LoginTest@4cc8eb05]" started-at="2021-06-08T12:56:08 IST" name="teardown" finished-at="2021-06-08T12:56:09 IST" duration-ms="822" status="PASS">
          <reporter-output>
          </reporter-output>
        </test-method> <!-- teardown -->
      </class> <!-- com.cyient.test.LoginTest -->
    </test> <!-- Default test -->
  </suite> <!-- Default suite -->
</testng-results>
